
> farmer@0.0.0 build
> vite build

[36mvite v8.0.1 [32mbuilding client environment for production...[36m[39m
[2Ktransforming...✓ 1768 modules transformed.
rendering chunks...
[31m✗[39m Build failed in 899ms
[31merror during build:
[31mBuild failed with 1 error:

[31m[MISSING_EXPORT] Error:[0m "rates" is not exported by "src/data/dummyData.js".
   [38;5;246m╭[0m[38;5;246m─[0m[38;5;246m[[0m src/pages/farmer/BookTractor.jsx:7:10 [38;5;246m][0m
   [38;5;246m│[0m
 [38;5;246m7 │[0m [38;5;249mi[0m[38;5;249mm[0m[38;5;249mp[0m[38;5;249mo[0m[38;5;249mr[0m[38;5;249mt[0m[38;5;249m [0m[38;5;249m{[0m[38;5;249m [0mrates[38;5;249m [0m[38;5;249m}[0m[38;5;249m [0m[38;5;249mf[0m[38;5;249mr[0m[38;5;249mo[0m[38;5;249mm[0m[38;5;249m [0m[38;5;249m"[0m[38;5;249m.[0m[38;5;249m.[0m[38;5;249m/[0m[38;5;249m.[0m[38;5;249m.[0m[38;5;249m/[0m[38;5;249md[0m[38;5;249ma[0m[38;5;249mt[0m[38;5;249ma[0m[38;5;249m/[0m[38;5;249md[0m[38;5;249mu[0m[38;5;249mm[0m[38;5;249mm[0m[38;5;249my[0m[38;5;249mD[0m[38;5;249ma[0m[38;5;249mt[0m[38;5;249ma[0m[38;5;249m"[0m[38;5;249m;[0m
 [38;5;240m  │[0m          ──┬──  
 [38;5;240m  │[0m            ╰──── Missing export
[38;5;246m───╯[0m
[31m
    at aggregateBindingErrorsIntoJsError (file:///C:/Users/viren/OneDrive/Desktop/KiaanTech/farmer/node_modules/rolldown/dist/shared/error-BO4SlZV_.mjs:48:18)
    at unwrapBindingResult (file:///C:/Users/viren/OneDrive/Desktop/KiaanTech/farmer/node_modules/rolldown/dist/shared/error-BO4SlZV_.mjs:18:128)
    at #build (file:///C:/Users/viren/OneDrive/Desktop/KiaanTech/farmer/node_modules/rolldown/dist/shared/rolldown-build-yQC7KN8K.mjs:3311:34)
    at async buildEnvironment (file:///C:/Users/viren/OneDrive/Desktop/KiaanTech/farmer/node_modules/vite/dist/node/chunks/node.js:32817:64)
    at async Object.build (file:///C:/Users/viren/OneDrive/Desktop/KiaanTech/farmer/node_modules/vite/dist/node/chunks/node.js:33239:19)
    at async Object.buildApp (file:///C:/Users/viren/OneDrive/Desktop/KiaanTech/farmer/node_modules/vite/dist/node/chunks/node.js:33236:153)
    at async CAC.<anonymous> (file:///C:/Users/viren/OneDrive/Desktop/KiaanTech/farmer/node_modules/vite/dist/node/cli.js:778:3) {
  errors: [Getter/Setter]
}[39m
